<?xml version="1.0" encoding="UTF-8"?>
<robot generator="Robot 7.0.1 (Python 3.9.5 on win32)" generated="2025-05-26T14:56:13.482130" rpa="false" schemaversion="5">
<suite id="s1" name="Learn Project" source="C:\Users\fpris\PycharmProjects\Learn Project">
<suite id="s1-s1" name="Test Cases" source="C:\Users\fpris\PycharmProjects\Learn Project\Test Cases">
<suite id="s1-s1-s1" name="Login" source="C:\Users\fpris\PycharmProjects\Learn Project\Test Cases\Login.robot">
<kw name="Run Keywords" owner="BuiltIn" type="SETUP">
<kw name="Capture Screenshot Directory" owner="Pre_Req">
<kw name="Get Current Date" owner="DateTime">
<msg time="2025-05-26T14:56:14.143983" level="INFO">${Current_Date} = 2025-05-26</msg>
<var>${Current_Date}</var>
<arg>result_format=%Y-%m-%d</arg>
<doc>Returns current local or UTC time with an optional increment.</doc>
<status status="PASS" start="2025-05-26T14:56:14.142838" elapsed="0.001145"/>
</kw>
<kw name="Set Screenshot Directory" owner="Screenshot">
<arg>${Screenshot_Dir}/${Current_Date}</arg>
<doc>Sets the directory where screenshots are saved.</doc>
<status status="PASS" start="2025-05-26T14:56:14.143983" elapsed="0.000000"/>
</kw>
<status status="PASS" start="2025-05-26T14:56:14.142838" elapsed="0.001145"/>
</kw>
<arg>Capture Screenshot Directory</arg>
<doc>Executes all the given keywords in a sequence.</doc>
<status status="PASS" start="2025-05-26T14:56:14.142838" elapsed="0.001145"/>
</kw>
<test id="s1-s1-s1-t1" name="TC001" line="9">
<kw name="Run Keywords" owner="BuiltIn" type="SETUP">
<kw name="Read Test Data - Using Pandas" owner="Pre_Req">
<kw name="Read Excel Data" owner="Read_Data">
<msg time="2025-05-26T14:56:14.161583" level="INFO">${data} = {'Test_Case_ID': 'TC001', 'Test_Name': 'Login Successful', 'Login_Id': 'Sal', 'Password': 'apr123'}</msg>
<var>${data}</var>
<arg>${EXECDIR}/Test Data 1.xls</arg>
<arg>TestData</arg>
<arg>${TEST_NAME}</arg>
<status status="PASS" start="2025-05-26T14:56:14.145208" elapsed="0.016375"/>
</kw>
<kw name="Log Many" owner="BuiltIn">
<msg time="2025-05-26T14:56:14.161583" level="INFO">{'Test_Case_ID': 'TC001', 'Test_Name': 'Login Successful', 'Login_Id': 'Sal', 'Password': 'apr123'}</msg>
<arg>${data}</arg>
<doc>Logs the given messages as separate entries using the INFO level.</doc>
<status status="PASS" start="2025-05-26T14:56:14.161583" elapsed="0.000000"/>
</kw>
<kw name="Set Test Variable" owner="BuiltIn">
<msg time="2025-05-26T14:56:14.162744" level="INFO">${data} = {'Test_Case_ID': 'TC001', 'Test_Name': 'Login Successful', 'Login_Id': 'Sal', 'Password': 'apr123'}</msg>
<arg>${data}</arg>
<doc>Makes a variable available everywhere within the scope of the current test.</doc>
<status status="PASS" start="2025-05-26T14:56:14.161583" elapsed="0.001161"/>
</kw>
<status status="PASS" start="2025-05-26T14:56:14.145208" elapsed="0.017536"/>
</kw>
<arg>Read Test Data - Using Pandas</arg>
<doc>Executes all the given keywords in a sequence.</doc>
<status status="PASS" start="2025-05-26T14:56:14.145208" elapsed="0.017536"/>
</kw>
<kw name="Open the Browser" owner="Login_Page">
<kw name="Open Browser" owner="SeleniumLibrary">
<msg time="2025-05-26T14:56:14.163980" level="INFO">Opening browser 'Chrome' to base url 'https://automationexercise.com/'.</msg>
<msg time="2025-05-26T14:56:14.437371" level="WARN">The chromedriver version (131.0.6778.24) detected in PATH at c:\bin\chromedriver.exe might not be compatible with the detected chrome version (136.0.7103.114); currently, chromedriver 136.0.7103.113 is recommended for chrome 136.*, so it is advised to delete the driver in PATH and retry</msg>
<arg>${url}</arg>
<arg>${browser}</arg>
<doc>Opens a new browser instance to the optional ``url``.</doc>
<status status="PASS" start="2025-05-26T14:56:14.162744" elapsed="4.148085"/>
</kw>
<kw name="Maximize Browser Window" owner="SeleniumLibrary">
<doc>Maximizes current browser window.</doc>
<status status="PASS" start="2025-05-26T14:56:18.310829" elapsed="0.038052"/>
</kw>
<kw name="Capture Screenshot" owner="Pre_Req">
<kw name="Take Screenshot" owner="Screenshot">
<msg time="2025-05-26T14:56:18.490393" level="INFO" html="true">&lt;a href="Screenshots/2025-05-26/TC001_Screenshot.png_1.jpg"&gt;&lt;img src="Screenshots/2025-05-26/TC001_Screenshot.png_1.jpg" width="800px"&gt;&lt;/a&gt;</msg>
<arg>${TEST_NAME}_Screenshot.png</arg>
<doc>Takes a screenshot in JPEG format and embeds it into the log file.</doc>
<status status="PASS" start="2025-05-26T14:56:18.349880" elapsed="0.140513"/>
</kw>
<status status="PASS" start="2025-05-26T14:56:18.349880" elapsed="0.140513"/>
</kw>
<status status="PASS" start="2025-05-26T14:56:14.162744" elapsed="4.327649"/>
</kw>
<kw name="Navigate to Login Link" owner="Login_Page">
<kw name="Click Element" owner="SeleniumLibrary">
<msg time="2025-05-26T14:56:18.493393" level="INFO">Clicking element 'link:Signup / Login'.</msg>
<arg>${Log_In}</arg>
<doc>Click the element identified by ``locator``.</doc>
<status status="PASS" start="2025-05-26T14:56:18.492394" elapsed="0.475630"/>
</kw>
<kw name="Wait Until Page Contains Element" owner="SeleniumLibrary">
<arg>${Login_Id}</arg>
<arg>timeout=10</arg>
<arg>error= Element Not Found</arg>
<doc>Waits until the element ``locator`` appears on the current page.</doc>
<status status="PASS" start="2025-05-26T14:56:18.968024" elapsed="0.015263"/>
</kw>
<kw name="Capture Screenshot" owner="Pre_Req">
<kw name="Take Screenshot" owner="Screenshot">
<msg time="2025-05-26T14:56:19.036636" level="INFO" html="true">&lt;a href="Screenshots/2025-05-26/TC001_Screenshot.png_2.jpg"&gt;&lt;img src="Screenshots/2025-05-26/TC001_Screenshot.png_2.jpg" width="800px"&gt;&lt;/a&gt;</msg>
<arg>${TEST_NAME}_Screenshot.png</arg>
<doc>Takes a screenshot in JPEG format and embeds it into the log file.</doc>
<status status="PASS" start="2025-05-26T14:56:18.984510" elapsed="0.052126"/>
</kw>
<status status="PASS" start="2025-05-26T14:56:18.984510" elapsed="0.052126"/>
</kw>
<status status="PASS" start="2025-05-26T14:56:18.491393" elapsed="0.545243"/>
</kw>
<kw name="Enter Login" owner="Login_Page">
<kw name="Input Text" owner="SeleniumLibrary">
<msg time="2025-05-26T14:56:19.037685" level="INFO">Typing text 'Sal' into text field 'name:email'.</msg>
<arg>${Login_Id}</arg>
<arg>${data}[Login_Id]</arg>
<doc>Types the given ``text`` into the text field identified by ``locator``.</doc>
<status status="PASS" start="2025-05-26T14:56:19.037685" elapsed="0.092742"/>
</kw>
<kw name="Capture Screenshot" owner="Pre_Req">
<kw name="Take Screenshot" owner="Screenshot">
<msg time="2025-05-26T14:56:19.176323" level="INFO" html="true">&lt;a href="Screenshots/2025-05-26/TC001_Screenshot.png_3.jpg"&gt;&lt;img src="Screenshots/2025-05-26/TC001_Screenshot.png_3.jpg" width="800px"&gt;&lt;/a&gt;</msg>
<arg>${TEST_NAME}_Screenshot.png</arg>
<doc>Takes a screenshot in JPEG format and embeds it into the log file.</doc>
<status status="PASS" start="2025-05-26T14:56:19.131781" elapsed="0.044542"/>
</kw>
<status status="PASS" start="2025-05-26T14:56:19.130427" elapsed="0.045896"/>
</kw>
<status status="PASS" start="2025-05-26T14:56:19.037685" elapsed="0.139709"/>
</kw>
<kw name="Enter Password" owner="Login_Page">
<kw name="Wait Until Page Contains Element" owner="SeleniumLibrary">
<arg>${Password}</arg>
<arg>timeout=5</arg>
<arg>error= Element Not Found</arg>
<doc>Waits until the element ``locator`` appears on the current page.</doc>
<status status="PASS" start="2025-05-26T14:56:19.177394" elapsed="0.009958"/>
</kw>
<kw name="Input Password" owner="SeleniumLibrary">
<msg time="2025-05-26T14:56:19.187352" level="INFO">Typing password into text field 'name:password'.</msg>
<msg time="2025-05-26T14:56:19.207352" level="INFO">Temporally setting log level to: NONE</msg>
<arg>${Password}</arg>
<arg>${data}[Password]</arg>
<doc>Types the given password into the text field identified by ``locator``.</doc>
<status status="PASS" start="2025-05-26T14:56:19.187352" elapsed="0.067131"/>
</kw>
<kw name="Capture Screenshot" owner="Pre_Req">
<kw name="Take Screenshot" owner="Screenshot">
<msg time="2025-05-26T14:56:19.289369" level="INFO" html="true">&lt;a href="Screenshots/2025-05-26/TC001_Screenshot.png_4.jpg"&gt;&lt;img src="Screenshots/2025-05-26/TC001_Screenshot.png_4.jpg" width="800px"&gt;&lt;/a&gt;</msg>
<arg>${TEST_NAME}_Screenshot.png</arg>
<doc>Takes a screenshot in JPEG format and embeds it into the log file.</doc>
<status status="PASS" start="2025-05-26T14:56:19.254483" elapsed="0.034886"/>
</kw>
<status status="PASS" start="2025-05-26T14:56:19.254483" elapsed="0.035927"/>
</kw>
<status status="PASS" start="2025-05-26T14:56:19.177394" elapsed="0.113016"/>
</kw>
<kw name="Click LOG IN Button" owner="Login_Page">
<kw name="Click Element" owner="SeleniumLibrary">
<msg time="2025-05-26T14:56:19.291409" level="INFO">Clicking element 'xpath://button[text()='Login']'.</msg>
<arg>${button_Login}</arg>
<doc>Click the element identified by ``locator``.</doc>
<status status="PASS" start="2025-05-26T14:56:19.291409" elapsed="0.070275"/>
</kw>
<kw name="Capture Screenshot" owner="Pre_Req">
<kw name="Take Screenshot" owner="Screenshot">
<msg time="2025-05-26T14:56:19.433340" level="INFO" html="true">&lt;a href="Screenshots/2025-05-26/TC001_Screenshot.png_5.jpg"&gt;&lt;img src="Screenshots/2025-05-26/TC001_Screenshot.png_5.jpg" width="800px"&gt;&lt;/a&gt;</msg>
<arg>${TEST_NAME}_Screenshot.png</arg>
<doc>Takes a screenshot in JPEG format and embeds it into the log file.</doc>
<status status="PASS" start="2025-05-26T14:56:19.362684" elapsed="0.070656"/>
</kw>
<status status="PASS" start="2025-05-26T14:56:19.361684" elapsed="0.071656"/>
</kw>
<status status="PASS" start="2025-05-26T14:56:19.290410" elapsed="0.142930"/>
</kw>
<kw name="Run Keywords" owner="BuiltIn" type="TEARDOWN">
<kw name="Close the Browser" owner="Login_Page">
<kw name="Close Browser" owner="SeleniumLibrary">
<doc>Closes the current browser.</doc>
<status status="PASS" start="2025-05-26T14:56:19.434497" elapsed="2.260969"/>
</kw>
<status status="PASS" start="2025-05-26T14:56:19.434497" elapsed="2.260969"/>
</kw>
<arg>Close the Browser</arg>
<doc>Executes all the given keywords in a sequence.</doc>
<status status="PASS" start="2025-05-26T14:56:19.434497" elapsed="2.260969"/>
</kw>
<doc>Successful Login</doc>
<status status="PASS" start="2025-05-26T14:56:14.143983" elapsed="7.552578"/>
</test>
<status status="PASS" start="2025-05-26T14:56:13.510309" elapsed="8.187281"/>
</suite>
<status status="PASS" start="2025-05-26T14:56:13.508252" elapsed="8.191465"/>
</suite>
<status status="PASS" start="2025-05-26T14:56:13.484194" elapsed="8.215523"/>
</suite>
<statistics>
<total>
<stat pass="1" fail="0" skip="0">All Tests</stat>
</total>
<tag>
</tag>
<suite>
<stat pass="1" fail="0" skip="0" id="s1" name="Learn Project">Learn Project</stat>
<stat pass="1" fail="0" skip="0" id="s1-s1" name="Test Cases">Learn Project.Test Cases</stat>
<stat pass="1" fail="0" skip="0" id="s1-s1-s1" name="Login">Learn Project.Test Cases.Login</stat>
</suite>
</statistics>
<errors>
<msg time="2025-05-26T14:56:14.437371" level="WARN">The chromedriver version (131.0.6778.24) detected in PATH at c:\bin\chromedriver.exe might not be compatible with the detected chrome version (136.0.7103.114); currently, chromedriver 136.0.7103.113 is recommended for chrome 136.*, so it is advised to delete the driver in PATH and retry</msg>
</errors>
</robot>
